2024-12-02 19:03:44,121 INFO o.a.j.u.JMeterUtils: Setting Locale to en_EN
2024-12-02 19:03:44,167 INFO o.a.j.JMeter: Loading user properties from: user.properties
2024-12-02 19:03:44,169 INFO o.a.j.JMeter: Loading system properties from: system.properties
2024-12-02 19:03:44,184 INFO o.a.j.JMeter: Copyright (c) 1998-2024 The Apache Software Foundation
2024-12-02 19:03:44,185 INFO o.a.j.JMeter: Version 5.6.3
2024-12-02 19:03:44,185 INFO o.a.j.JMeter: java.version=21.0.2
2024-12-02 19:03:44,185 INFO o.a.j.JMeter: java.vm.name=Java HotSpot(TM) 64-Bit Server VM
2024-12-02 19:03:44,185 INFO o.a.j.JMeter: os.name=Windows 10
2024-12-02 19:03:44,185 INFO o.a.j.JMeter: os.arch=amd64
2024-12-02 19:03:44,185 INFO o.a.j.JMeter: os.version=10.0
2024-12-02 19:03:44,185 INFO o.a.j.JMeter: file.encoding=UTF-8
2024-12-02 19:03:44,186 INFO o.a.j.JMeter: java.awt.headless=null
2024-12-02 19:03:44,186 INFO o.a.j.JMeter: Max memory     =1073741824
2024-12-02 19:03:44,186 INFO o.a.j.JMeter: Available Processors =4
2024-12-02 19:03:44,212 INFO o.a.j.JMeter: Default Locale=English (EN)
2024-12-02 19:03:44,213 INFO o.a.j.JMeter: JMeter  Locale=English (EN)
2024-12-02 19:03:44,213 INFO o.a.j.JMeter: JMeterHome=C:\Users\aliss\Downloads\JMeter\apache-jmeter-5.6.3
2024-12-02 19:03:44,215 INFO o.a.j.JMeter: user.dir  =C:\Users\aliss\Downloads\JMeter\apache-jmeter-5.6.3\bin
2024-12-02 19:03:44,217 INFO o.a.j.JMeter: PWD       =C:\Users\aliss\Downloads\JMeter\apache-jmeter-5.6.3\bin
2024-12-02 19:03:48,753 INFO o.a.j.JMeter: IP: 192.168.56.1 Name: LAPTOP-1DGSRAV5 FullName: LAPTOP-1DGSRAV5
2024-12-02 19:03:48,792 INFO o.a.j.JMeter: Loaded icon properties from org/apache/jmeter/images/icon.properties
2024-12-02 19:03:49,337 INFO o.a.j.JMeterGuiLauncher: Setting LAF to: com.github.weisj.darklaf.DarkLaf:com.github.weisj.darklaf.theme.DarculaTheme
2024-12-02 19:04:25,321 INFO o.a.j.s.FileServer: Default base='C:\Users\aliss\Downloads\JMeter\apache-jmeter-5.6.3\bin'
2024-12-02 19:04:25,329 INFO o.a.j.g.a.Load: Loading file: C:\Users\aliss\Downloads\JMeter\HTTP Request.jmx
2024-12-02 19:04:25,330 INFO o.a.j.s.FileServer: Set new base='C:\Users\aliss\Downloads\JMeter'
2024-12-02 19:04:25,772 INFO o.a.j.s.SaveService: Testplan (JMX) version: 2.2. Testlog (JTL) version: 2.2
2024-12-02 19:04:25,850 INFO o.a.j.s.SaveService: Using SaveService properties version 5.0
2024-12-02 19:04:25,853 INFO o.a.j.s.SaveService: Using SaveService properties file encoding UTF-8
2024-12-02 19:04:25,857 INFO o.a.j.s.SaveService: Loading file: C:\Users\aliss\Downloads\JMeter\HTTP Request.jmx
2024-12-02 19:04:25,923 INFO o.a.j.p.h.s.HTTPSamplerBase: Parser for text/html is org.apache.jmeter.protocol.http.parser.LagartoBasedHtmlParser
2024-12-02 19:04:25,923 INFO o.a.j.p.h.s.HTTPSamplerBase: Parser for application/xhtml+xml is org.apache.jmeter.protocol.http.parser.LagartoBasedHtmlParser
2024-12-02 19:04:25,924 INFO o.a.j.p.h.s.HTTPSamplerBase: Parser for application/xml is org.apache.jmeter.protocol.http.parser.LagartoBasedHtmlParser
2024-12-02 19:04:25,924 INFO o.a.j.p.h.s.HTTPSamplerBase: Parser for text/xml is org.apache.jmeter.protocol.http.parser.LagartoBasedHtmlParser
2024-12-02 19:04:25,924 INFO o.a.j.p.h.s.HTTPSamplerBase: Parser for text/vnd.wap.wml is org.apache.jmeter.protocol.http.parser.RegexpHTMLParser
2024-12-02 19:04:25,924 INFO o.a.j.p.h.s.HTTPSamplerBase: Parser for text/css is org.apache.jmeter.protocol.http.parser.CssParser
2024-12-02 19:04:26,603 INFO o.a.j.s.FileServer: Set new base='C:\Users\aliss\Downloads\JMeter'
2024-12-02 19:06:06,283 INFO o.a.j.e.StandardJMeterEngine: Running the test!
2024-12-02 19:06:06,285 INFO o.a.j.s.SampleEvent: List of sample_variables: []
2024-12-02 19:06:06,285 INFO o.a.j.s.SampleEvent: List of sample_variables: []
2024-12-02 19:06:06,289 INFO o.a.j.e.u.CompoundVariable: Note: Function class names must contain the string: '.functions.'
2024-12-02 19:06:06,289 INFO o.a.j.e.u.CompoundVariable: Note: Function class names must not contain the string: '.gui.'
2024-12-02 19:06:06,380 INFO o.a.j.g.u.JMeterMenuBar: setRunning(true, *local*)
2024-12-02 19:06:06,448 INFO o.a.j.e.StandardJMeterEngine: Starting ThreadGroup: 1 : Criando Movies
2024-12-02 19:06:06,448 INFO o.a.j.e.StandardJMeterEngine: Starting 30 threads for group Criando Movies.
2024-12-02 19:06:06,448 INFO o.a.j.e.StandardJMeterEngine: Thread will continue on error
2024-12-02 19:06:06,449 INFO o.a.j.t.ThreadGroup: Starting thread group... number=1 threads=30 ramp-up=5 delayedStart=false
2024-12-02 19:06:06,461 INFO o.a.j.t.JMeterThread: Thread started: Criando Movies 1-1
2024-12-02 19:06:06,466 INFO o.a.j.s.FileServer: Stored: C:/Users/aliss/Downloads/JMeter/cinema.csv
2024-12-02 19:06:06,475 INFO o.a.j.t.ThreadGroup: Started thread group number 1
2024-12-02 19:06:06,475 INFO o.a.j.e.StandardJMeterEngine: All thread groups have been started
2024-12-02 19:06:06,524 INFO o.a.j.p.h.s.HTTPHCAbstractImpl: Local host = LAPTOP-1DGSRAV5
2024-12-02 19:06:06,539 INFO o.a.j.p.h.s.HTTPHC4Impl: HTTP request retry count = 0
2024-12-02 19:06:06,543 INFO o.a.j.s.SampleResult: Note: Sample TimeStamps are START times
2024-12-02 19:06:06,544 INFO o.a.j.s.SampleResult: sampleresult.default.encoding is set to UTF-8
2024-12-02 19:06:06,544 INFO o.a.j.s.SampleResult: sampleresult.useNanoTime=true
2024-12-02 19:06:06,545 INFO o.a.j.s.SampleResult: sampleresult.nanoThreadSleep=5000
2024-12-02 19:06:06,625 INFO o.a.j.t.JMeterThread: Thread started: Criando Movies 1-2
2024-12-02 19:06:06,768 INFO o.a.j.t.JMeterThread: Thread is done: Criando Movies 1-2
2024-12-02 19:06:06,768 INFO o.a.j.t.JMeterThread: Thread is done: Criando Movies 1-1
2024-12-02 19:06:06,769 INFO o.a.j.t.JMeterThread: Thread finished: Criando Movies 1-1
2024-12-02 19:06:06,769 INFO o.a.j.t.JMeterThread: Thread finished: Criando Movies 1-2
2024-12-02 19:06:06,791 INFO o.a.j.t.JMeterThread: Thread started: Criando Movies 1-3
2024-12-02 19:06:06,802 INFO o.a.j.t.JMeterThread: Thread is done: Criando Movies 1-3
2024-12-02 19:06:06,802 INFO o.a.j.t.JMeterThread: Thread finished: Criando Movies 1-3
2024-12-02 19:06:06,976 INFO o.a.j.t.JMeterThread: Thread started: Criando Movies 1-4
2024-12-02 19:06:06,990 INFO o.a.j.t.JMeterThread: Thread is done: Criando Movies 1-4
2024-12-02 19:06:06,991 INFO o.a.j.t.JMeterThread: Thread finished: Criando Movies 1-4
2024-12-02 19:06:07,122 INFO o.a.j.t.JMeterThread: Thread started: Criando Movies 1-5
2024-12-02 19:06:07,131 INFO o.a.j.t.JMeterThread: Thread is done: Criando Movies 1-5
2024-12-02 19:06:07,131 INFO o.a.j.t.JMeterThread: Thread finished: Criando Movies 1-5
2024-12-02 19:06:07,312 INFO o.a.j.t.JMeterThread: Thread started: Criando Movies 1-6
2024-12-02 19:06:07,320 INFO o.a.j.t.JMeterThread: Thread is done: Criando Movies 1-6
2024-12-02 19:06:07,321 INFO o.a.j.t.JMeterThread: Thread finished: Criando Movies 1-6
2024-12-02 19:06:07,477 INFO o.a.j.t.JMeterThread: Thread started: Criando Movies 1-7
2024-12-02 19:06:07,485 INFO o.a.j.t.JMeterThread: Thread is done: Criando Movies 1-7
2024-12-02 19:06:07,485 INFO o.a.j.t.JMeterThread: Thread finished: Criando Movies 1-7
2024-12-02 19:06:07,642 INFO o.a.j.t.JMeterThread: Thread started: Criando Movies 1-8
2024-12-02 19:06:07,651 INFO o.a.j.t.JMeterThread: Thread is done: Criando Movies 1-8
2024-12-02 19:06:07,651 INFO o.a.j.t.JMeterThread: Thread finished: Criando Movies 1-8
2024-12-02 19:06:07,810 INFO o.a.j.t.JMeterThread: Thread started: Criando Movies 1-9
2024-12-02 19:06:07,820 INFO o.a.j.t.JMeterThread: Thread is done: Criando Movies 1-9
2024-12-02 19:06:07,820 INFO o.a.j.t.JMeterThread: Thread finished: Criando Movies 1-9
2024-12-02 19:06:07,978 INFO o.a.j.t.JMeterThread: Thread started: Criando Movies 1-10
2024-12-02 19:06:07,987 INFO o.a.j.t.JMeterThread: Thread is done: Criando Movies 1-10
2024-12-02 19:06:07,987 INFO o.a.j.t.JMeterThread: Thread finished: Criando Movies 1-10
2024-12-02 19:06:08,146 INFO o.a.j.t.JMeterThread: Thread started: Criando Movies 1-11
2024-12-02 19:06:08,156 INFO o.a.j.t.JMeterThread: Thread is done: Criando Movies 1-11
2024-12-02 19:06:08,156 INFO o.a.j.t.JMeterThread: Thread finished: Criando Movies 1-11
2024-12-02 19:06:08,314 INFO o.a.j.t.JMeterThread: Thread started: Criando Movies 1-12
2024-12-02 19:06:08,325 INFO o.a.j.t.JMeterThread: Thread is done: Criando Movies 1-12
2024-12-02 19:06:08,325 INFO o.a.j.t.JMeterThread: Thread finished: Criando Movies 1-12
2024-12-02 19:06:08,481 INFO o.a.j.t.JMeterThread: Thread started: Criando Movies 1-13
2024-12-02 19:06:08,494 INFO o.a.j.t.JMeterThread: Thread is done: Criando Movies 1-13
2024-12-02 19:06:08,494 INFO o.a.j.t.JMeterThread: Thread finished: Criando Movies 1-13
2024-12-02 19:06:08,650 INFO o.a.j.t.JMeterThread: Thread started: Criando Movies 1-14
2024-12-02 19:06:08,661 INFO o.a.j.t.JMeterThread: Thread is done: Criando Movies 1-14
2024-12-02 19:06:08,662 INFO o.a.j.t.JMeterThread: Thread finished: Criando Movies 1-14
2024-12-02 19:06:08,817 INFO o.a.j.t.JMeterThread: Thread started: Criando Movies 1-15
2024-12-02 19:06:08,830 INFO o.a.j.t.JMeterThread: Thread is done: Criando Movies 1-15
2024-12-02 19:06:08,830 INFO o.a.j.t.JMeterThread: Thread finished: Criando Movies 1-15
2024-12-02 19:06:08,983 INFO o.a.j.t.JMeterThread: Thread started: Criando Movies 1-16
2024-12-02 19:06:08,995 INFO o.a.j.t.JMeterThread: Thread is done: Criando Movies 1-16
2024-12-02 19:06:08,995 INFO o.a.j.t.JMeterThread: Thread finished: Criando Movies 1-16
2024-12-02 19:06:09,149 INFO o.a.j.t.JMeterThread: Thread started: Criando Movies 1-17
2024-12-02 19:06:09,159 INFO o.a.j.t.JMeterThread: Thread is done: Criando Movies 1-17
2024-12-02 19:06:09,160 INFO o.a.j.t.JMeterThread: Thread finished: Criando Movies 1-17
2024-12-02 19:06:09,317 INFO o.a.j.t.JMeterThread: Thread started: Criando Movies 1-18
2024-12-02 19:06:09,327 INFO o.a.j.t.JMeterThread: Thread is done: Criando Movies 1-18
2024-12-02 19:06:09,327 INFO o.a.j.t.JMeterThread: Thread finished: Criando Movies 1-18
2024-12-02 19:06:09,484 INFO o.a.j.t.JMeterThread: Thread started: Criando Movies 1-19
2024-12-02 19:06:09,494 INFO o.a.j.t.JMeterThread: Thread is done: Criando Movies 1-19
2024-12-02 19:06:09,494 INFO o.a.j.t.JMeterThread: Thread finished: Criando Movies 1-19
2024-12-02 19:06:09,649 INFO o.a.j.t.JMeterThread: Thread started: Criando Movies 1-20
2024-12-02 19:06:09,658 INFO o.a.j.t.JMeterThread: Thread is done: Criando Movies 1-20
2024-12-02 19:06:09,658 INFO o.a.j.t.JMeterThread: Thread finished: Criando Movies 1-20
2024-12-02 19:06:09,817 INFO o.a.j.t.JMeterThread: Thread started: Criando Movies 1-21
2024-12-02 19:06:09,827 INFO o.a.j.t.JMeterThread: Thread is done: Criando Movies 1-21
2024-12-02 19:06:09,828 INFO o.a.j.t.JMeterThread: Thread finished: Criando Movies 1-21
2024-12-02 19:06:09,984 INFO o.a.j.t.JMeterThread: Thread started: Criando Movies 1-22
2024-12-02 19:06:09,993 INFO o.a.j.t.JMeterThread: Thread is done: Criando Movies 1-22
2024-12-02 19:06:09,993 INFO o.a.j.t.JMeterThread: Thread finished: Criando Movies 1-22
2024-12-02 19:06:10,151 INFO o.a.j.t.JMeterThread: Thread started: Criando Movies 1-23
2024-12-02 19:06:10,166 INFO o.a.j.t.JMeterThread: Thread is done: Criando Movies 1-23
2024-12-02 19:06:10,166 INFO o.a.j.t.JMeterThread: Thread finished: Criando Movies 1-23
2024-12-02 19:06:10,318 INFO o.a.j.t.JMeterThread: Thread started: Criando Movies 1-24
2024-12-02 19:06:10,326 INFO o.a.j.t.JMeterThread: Thread is done: Criando Movies 1-24
2024-12-02 19:06:10,327 INFO o.a.j.t.JMeterThread: Thread finished: Criando Movies 1-24
2024-12-02 19:06:10,485 INFO o.a.j.t.JMeterThread: Thread started: Criando Movies 1-25
2024-12-02 19:06:10,495 INFO o.a.j.t.JMeterThread: Thread is done: Criando Movies 1-25
2024-12-02 19:06:10,495 INFO o.a.j.t.JMeterThread: Thread finished: Criando Movies 1-25
2024-12-02 19:06:10,651 INFO o.a.j.t.JMeterThread: Thread started: Criando Movies 1-26
2024-12-02 19:06:10,662 INFO o.a.j.t.JMeterThread: Thread is done: Criando Movies 1-26
2024-12-02 19:06:10,662 INFO o.a.j.t.JMeterThread: Thread finished: Criando Movies 1-26
2024-12-02 19:06:10,817 INFO o.a.j.t.JMeterThread: Thread started: Criando Movies 1-27
2024-12-02 19:06:10,834 INFO o.a.j.t.JMeterThread: Thread is done: Criando Movies 1-27
2024-12-02 19:06:10,834 INFO o.a.j.t.JMeterThread: Thread finished: Criando Movies 1-27
2024-12-02 19:06:10,985 INFO o.a.j.t.JMeterThread: Thread started: Criando Movies 1-28
2024-12-02 19:06:10,994 INFO o.a.j.t.JMeterThread: Thread is done: Criando Movies 1-28
2024-12-02 19:06:10,994 INFO o.a.j.t.JMeterThread: Thread finished: Criando Movies 1-28
2024-12-02 19:06:11,151 INFO o.a.j.t.JMeterThread: Thread started: Criando Movies 1-29
2024-12-02 19:06:11,160 INFO o.a.j.t.JMeterThread: Thread is done: Criando Movies 1-29
2024-12-02 19:06:11,161 INFO o.a.j.t.JMeterThread: Thread finished: Criando Movies 1-29
2024-12-02 19:06:11,317 INFO o.a.j.t.JMeterThread: Thread started: Criando Movies 1-30
2024-12-02 19:06:11,329 INFO o.a.j.t.JMeterThread: Thread is done: Criando Movies 1-30
2024-12-02 19:06:11,329 INFO o.a.j.t.JMeterThread: Thread finished: Criando Movies 1-30
2024-12-02 19:06:11,331 INFO o.a.j.e.StandardJMeterEngine: Notifying test listeners of end of test
2024-12-02 19:06:11,332 INFO o.a.j.s.FileServer: Close: C:/Users/aliss/Downloads/JMeter/cinema.csv
2024-12-02 19:06:11,333 INFO o.a.j.g.u.JMeterMenuBar: setRunning(false, *local*)
